Build started 05/01/2017 18:15:32.
     1>Project "C:\Users\Julien\Documents\Visual Studio 2013\Projects\Game Low Poly\Game\Game.vcxproj" on node 2 (Build target(s)).
     1>ClCompile:
         C:\Program Files (x86)\Microsoft Visual Studio 12.0\VC\bin\CL.exe /c /Zi /nologo /W3 /WX- /sdl /O2 /Oi /Oy- /GL /D GLEW_STATIC /D _MBCS /Gm- /EHsc /MD /GS /Gy /fp:precise /Zc:wchar_t /Zc:forScope /Fo"Release\\" /Fd"Release\vc120.pdb" /Gd /TP /analyze- /errorReport:prompt src\Game.cpp src\graphics\font\Font.cpp src\graphics\font\FontRenderer.cpp src\graphics\texture\Texture.cpp src\world\World.cpp src\world\chunk\Chunk.cpp src\world\entity\EntityManager.cpp src\world\entity\component\PositionComponent.cpp src\world\entity\structure\Tree.cpp
         Game.cpp
         Font.cpp
         FontRenderer.cpp
         Texture.cpp
         World.cpp
         Chunk.cpp
         EntityManager.cpp
         PositionComponent.cpp
         Tree.cpp
       Link:
         C:\Program Files (x86)\Microsoft Visual Studio 12.0\VC\bin\link.exe /ERRORREPORT:PROMPT /OUT:"C:\Users\Julien\Documents\Visual Studio 2013\Projects\Game Low Poly\Release\Game.exe" /NOLOGO glfw3.lib opengl32.lib glew32s.lib kernel32.lib user32.lib gdi32.lib winspool.lib comdlg32.lib advapi32.lib shell32.lib ole32.lib oleaut32.lib uuid.lib odbc32.lib odbccp32.lib /MANIFEST /MANIFESTUAC:"level='asInvoker' uiAccess='false'" /manifest:embed /DEBUG /PDB:"C:\Users\Julien\Documents\Visual Studio 2013\Projects\Game Low Poly\Release\Game.pdb" /SUBSYSTEM:CONSOLE /OPT:REF /OPT:ICF /LTCG /TLBID:1 /DYNAMICBASE /NXCOMPAT /IMPLIB:"C:\Users\Julien\Documents\Visual Studio 2013\Projects\Game Low Poly\Release\Game.lib" /MACHINE:X86 /SAFESEH Release\Debug.obj
         Release\Game.obj
         Release\Attribute.obj
         Release\Font.obj
         Release\FontRenderer.obj
         Release\GraphicsAPI.obj
         Release\Button.obj
         Release\Model.obj
         Release\ModelManager.obj
         Release\AttributelessRenderer.obj
         Release\BatchRenderer.obj
         Release\Renderer.obj
         Release\Bloom.obj
         Release\SSAO.obj
         Release\ShaderProgram.obj
         Release\Framebuffer.obj
         Release\Texture.obj
         Release\Window.obj
         Release\Input.obj
         Release\Log.obj
         Release\PLYLoader.obj
         Release\stb_image.obj
         Release\Main.obj
         Release\Mat3.obj
         Release\Mat4.obj
         Release\Quat.obj
         Release\Vec2.obj
         Release\Vec3.obj
         Release\Vec4.obj
         Release\Camera.obj
         Release\FrustumCuller.obj
         Release\Noise.obj
         Release\SmoothCamera.obj
         Release\ThreadPool.obj
         Release\Timer.obj
         Release\TPCamera.obj
         Release\Chunk.obj
         Release\ChunkManager.obj
         Release\Tile.obj
         Release\Water.obj
         Release\PositionComponent.obj
         Release\Entity.obj
         Release\EntityManager.obj
         Release\Structure.obj
         Release\Tree.obj
         Release\World.obj
         lib\lib\glew32s.lib
         lib\lib\glfw3.lib
     1>LINK : warning LNK4098: defaultlib 'LIBCMT' conflicts with use of other libs; use /NODEFAULTLIB:library
         Generating code
         Finished generating code
     1>glew32s.lib(glew.obj) : warning LNK4099: PDB 'vc120.pdb' was not found with 'glew32s.lib(glew.obj)' or at 'C:\Users\Julien\Documents\Visual Studio 2013\Projects\Game Low Poly\Release\vc120.pdb'; linking object as if no debug info
         Game.vcxproj -> C:\Users\Julien\Documents\Visual Studio 2013\Projects\Game Low Poly\Release\Game.exe
     1>Done Building Project "C:\Users\Julien\Documents\Visual Studio 2013\Projects\Game Low Poly\Game\Game.vcxproj" (Build target(s)).

Build succeeded.

Time Elapsed 00:00:06.66
