Build started 29.11.2015 17:13:54.
     1>Project "C:\Users\Julien\Documents\Visual Studio 2013\Projects\Game Low Poly\Game\Game.vcxproj" on node 2 (Build target(s)).
     1>ClCompile:
         C:\Program Files (x86)\Microsoft Visual Studio 12.0\VC\bin\CL.exe /c /ZI /nologo /W3 /WX- /sdl /Od /Oy- /D GLEW_STATIC /D _MBCS /Gm /EHsc /RTC1 /MDd /GS /fp:precise /Zc:wchar_t /Zc:forScope /Fo"Debug\\" /Fd"Debug\vc120.pdb" /Gd /TP /analyze- /errorReport:prompt src\Game.cpp src\graphics\font\FontRenderer.cpp src\graphics\model\ModelManager.cpp src\graphics\renderer\BatchRenderer.cpp src\graphics\shader\effect\SSAO.cpp src\io\model\PLYLoader.cpp src\Main.cpp src\world\chunk\Chunk.cpp src\world\chunk\ChunkManager.cpp src\world\chunk\Water.cpp src\world\entity\component\PositionComponent.cpp src\world\entity\Entity.cpp src\world\entity\EntityManager.cpp src\world\entity\structure\Structure.cpp src\world\entity\structure\Tree.cpp src\world\World.cpp
         World.cpp
         Tree.cpp
         Structure.cpp
         EntityManager.cpp
         Entity.cpp
         PositionComponent.cpp
         Chunk.cpp
         Main.cpp
         PLYLoader.cpp
         SSAO.cpp
         ModelManager.cpp
         FontRenderer.cpp
         Game.cpp
         Generating Code...
         Compiling...
         Water.cpp
         ChunkManager.cpp
         Generating Code...
         Skipping... (no relevant changes detected)
         BatchRenderer.cpp
       Link:
         C:\Program Files (x86)\Microsoft Visual Studio 12.0\VC\bin\link.exe /ERRORREPORT:PROMPT /OUT:"C:\Users\Julien\Documents\Visual Studio 2013\Projects\Game Low Poly\Debug\Game.exe" /INCREMENTAL /NOLOGO glfw3.lib opengl32.lib glew32s.lib kernel32.lib user32.lib gdi32.lib winspool.lib comdlg32.lib advapi32.lib shell32.lib ole32.lib oleaut32.lib uuid.lib odbc32.lib odbccp32.lib /MANIFEST /MANIFESTUAC:"level='asInvoker' uiAccess='false'" /manifest:embed /DEBUG /PDB:"C:\Users\Julien\Documents\Visual Studio 2013\Projects\Game Low Poly\Debug\Game.pdb" /SUBSYSTEM:CONSOLE /TLBID:1 /DYNAMICBASE /NXCOMPAT /IMPLIB:"C:\Users\Julien\Documents\Visual Studio 2013\Projects\Game Low Poly\Debug\Game.lib" /MACHINE:X86 Debug\Debug.obj
         Debug\Game.obj
         Debug\Attribute.obj
         Debug\Font.obj
         Debug\FontRenderer.obj
         Debug\GraphicsAPI.obj
         Debug\Model.obj
         Debug\ModelManager.obj
         Debug\AttributelessRenderer.obj
         Debug\BatchRenderer.obj
         Debug\Renderer.obj
         Debug\Bloom.obj
         Debug\SSAO.obj
         Debug\ShaderProgram.obj
         Debug\Framebuffer.obj
         Debug\Texture.obj
         Debug\Window.obj
         Debug\Input.obj
         Debug\Log.obj
         Debug\PLYLoader.obj
         Debug\stb_image.obj
         Debug\Main.obj
         Debug\Mat3.obj
         Debug\Mat4.obj
         Debug\Quat.obj
         Debug\Vec2.obj
         Debug\Vec3.obj
         Debug\Vec4.obj
         Debug\Camera.obj
         Debug\FrustumCuller.obj
         Debug\Noise.obj
         Debug\SmoothCamera.obj
         Debug\ThreadPool.obj
         Debug\Timer.obj
         Debug\TPCamera.obj
         Debug\Chunk.obj
         Debug\ChunkManager.obj
         Debug\Tile.obj
         Debug\Water.obj
         Debug\PositionComponent.obj
         Debug\Entity.obj
         Debug\EntityManager.obj
         Debug\Structure.obj
         Debug\Tree.obj
         Debug\World.obj
         lib\lib\glew32s.lib
         lib\lib\glfw3.lib
     1>LINK : warning LNK4098: defaultlib 'MSVCRT' conflicts with use of other libs; use /NODEFAULTLIB:library
     1>LINK : warning LNK4098: defaultlib 'LIBCMT' conflicts with use of other libs; use /NODEFAULTLIB:library
     1>glew32s.lib(glew.obj) : warning LNK4099: PDB 'vc120.pdb' was not found with 'glew32s.lib(glew.obj)' or at 'C:\Users\Julien\Documents\Visual Studio 2013\Projects\Game Low Poly\Debug\vc120.pdb'; linking object as if no debug info
         Game.vcxproj -> C:\Users\Julien\Documents\Visual Studio 2013\Projects\Game Low Poly\Debug\Game.exe
     1>Done Building Project "C:\Users\Julien\Documents\Visual Studio 2013\Projects\Game Low Poly\Game\Game.vcxproj" (Build target(s)).

Build succeeded.

Time Elapsed 00:00:09.03
